<?xml version="1.0" encoding="UTF-8"?>
<testsuite name="Run on firefox "
           tests="3"
           failures="0"
           errors="0"
           skipped="0"
           time="19.309">
  <properties />
  
  
            <testcase name="User_02_Login" time="1.940" classname="com.nopcomerce.user.Level_20_Manager_Data_Json" />
                <testcase name="User_03_My_Account" time="2.414" classname="com.nopcomerce.user.Level_20_Manager_Data_Json" />
                <testcase name="User_01_Register" time="14.955" classname="com.nopcomerce.user.Level_20_Manager_Data_Json" />
      
</testsuite>
